# Logfile created on 2014-02-18 17:44:48 -0500 by logger.rb/44203
I, [2014-02-18T17:44:48.868774 #5358]  INFO -- : 0:  rake (10.1.1) from /home/kushal/.rvm/gems/ruby-2.1.0/specifications/rake-10.1.1.gemspec
I, [2014-02-18T17:44:48.869319 #5358]  INFO -- : 0:  i18n (0.6.9) from /home/kushal/.rvm/gems/ruby-2.1.0/specifications/i18n-0.6.9.gemspec
I, [2014-02-18T17:44:49.318058 #5358]  INFO -- : 0:  minitest (4.7.5) from /home/kushal/.rvm/gems/ruby-2.1.0/specifications/minitest-4.7.5.gemspec
I, [2014-02-18T17:44:49.318763 #5358]  INFO -- : 0:  multi_json (1.8.4) from /home/kushal/.rvm/gems/ruby-2.1.0/specifications/multi_json-1.8.4.gemspec
I, [2014-02-18T17:44:49.319292 #5358]  INFO -- : 0:  atomic (1.1.14) from /home/kushal/.rvm/gems/ruby-2.1.0/specifications/atomic-1.1.14.gemspec
I, [2014-02-18T17:44:49.319802 #5358]  INFO -- : 0:  thread_safe (0.1.3) from /home/kushal/.rvm/gems/ruby-2.1.0/specifications/thread_safe-0.1.3.gemspec
I, [2014-02-18T17:44:49.320323 #5358]  INFO -- : 0:  tzinfo (0.3.38) from /home/kushal/.rvm/gems/ruby-2.1.0/specifications/tzinfo-0.3.38.gemspec
I, [2014-02-18T17:44:49.320839 #5358]  INFO -- : 0:  activesupport (4.0.2) from /home/kushal/.rvm/gems/ruby-2.1.0/specifications/activesupport-4.0.2.gemspec
I, [2014-02-18T17:44:49.321351 #5358]  INFO -- : 0:  builder (3.1.4) from /home/kushal/.rvm/gems/ruby-2.1.0/specifications/builder-3.1.4.gemspec
I, [2014-02-18T17:44:49.321895 #5358]  INFO -- : 0:  erubis (2.7.0) from /home/kushal/.rvm/gems/ruby-2.1.0/specifications/erubis-2.7.0.gemspec
I, [2014-02-18T17:44:49.322413 #5358]  INFO -- : 0:  rack (1.5.2) from /home/kushal/.rvm/gems/ruby-2.1.0/specifications/rack-1.5.2.gemspec
I, [2014-02-18T17:44:49.322932 #5358]  INFO -- : 0:  rack-test (0.6.2) from /home/kushal/.rvm/gems/ruby-2.1.0/specifications/rack-test-0.6.2.gemspec
I, [2014-02-18T17:44:49.323445 #5358]  INFO -- : 0:  actionpack (4.0.2) from /home/kushal/.rvm/gems/ruby-2.1.0/specifications/actionpack-4.0.2.gemspec
I, [2014-02-18T17:44:49.323952 #5358]  INFO -- : 0:  mime-types (1.25.1) from /home/kushal/.rvm/gems/ruby-2.1.0/specifications/mime-types-1.25.1.gemspec
I, [2014-02-18T17:44:49.324481 #5358]  INFO -- : 0:  polyglot (0.3.3) from /home/kushal/.rvm/gems/ruby-2.1.0/specifications/polyglot-0.3.3.gemspec
I, [2014-02-18T17:44:49.324997 #5358]  INFO -- : 0:  treetop (1.4.15) from /home/kushal/.rvm/gems/ruby-2.1.0/specifications/treetop-1.4.15.gemspec
I, [2014-02-18T17:44:49.325497 #5358]  INFO -- : 0:  mail (2.5.4) from /home/kushal/.rvm/gems/ruby-2.1.0/specifications/mail-2.5.4.gemspec
I, [2014-02-18T17:44:49.326023 #5358]  INFO -- : 0:  actionmailer (4.0.2) from /home/kushal/.rvm/gems/ruby-2.1.0/specifications/actionmailer-4.0.2.gemspec
I, [2014-02-18T17:44:49.326425 #5358]  INFO -- : 0:  activemodel (4.0.2) from /home/kushal/.rvm/gems/ruby-2.1.0/specifications/activemodel-4.0.2.gemspec
I, [2014-02-18T17:44:49.326817 #5358]  INFO -- : 0:  activerecord-deprecated_finders (1.0.3) from /home/kushal/.rvm/gems/ruby-2.1.0/specifications/activerecord-deprecated_finders-1.0.3.gemspec
I, [2014-02-18T17:44:49.327240 #5358]  INFO -- : 0:  arel (4.0.1) from /home/kushal/.rvm/gems/ruby-2.1.0/specifications/arel-4.0.1.gemspec
I, [2014-02-18T17:44:49.327655 #5358]  INFO -- : 0:  activerecord (4.0.2) from /home/kushal/.rvm/gems/ruby-2.1.0/specifications/activerecord-4.0.2.gemspec
I, [2014-02-18T17:44:49.328066 #5358]  INFO -- : 0:  coffee-script-source (1.6.3) from /home/kushal/.rvm/gems/ruby-2.1.0/specifications/coffee-script-source-1.6.3.gemspec
I, [2014-02-18T17:44:49.328476 #5358]  INFO -- : 0:  execjs (2.0.2) from /home/kushal/.rvm/gems/ruby-2.1.0/specifications/execjs-2.0.2.gemspec
I, [2014-02-18T17:44:49.328885 #5358]  INFO -- : 0:  coffee-script (2.2.0) from /home/kushal/.rvm/gems/ruby-2.1.0/specifications/coffee-script-2.2.0.gemspec
I, [2014-02-18T17:44:49.329283 #5358]  INFO -- : 0:  thor (0.18.1) from /home/kushal/.rvm/gems/ruby-2.1.0/specifications/thor-0.18.1.gemspec
I, [2014-02-18T17:44:49.329694 #5358]  INFO -- : 0:  railties (4.0.2) from /home/kushal/.rvm/gems/ruby-2.1.0/specifications/railties-4.0.2.gemspec
I, [2014-02-18T17:44:49.330135 #5358]  INFO -- : 0:  coffee-rails (4.0.1) from /home/kushal/.rvm/gems/ruby-2.1.0/specifications/coffee-rails-4.0.1.gemspec
I, [2014-02-18T17:44:49.330526 #5358]  INFO -- : 0:  hike (1.2.3) from /home/kushal/.rvm/gems/ruby-2.1.0/specifications/hike-1.2.3.gemspec
I, [2014-02-18T17:44:49.330936 #5358]  INFO -- : 0:  jbuilder (1.5.3) from /home/kushal/.rvm/gems/ruby-2.1.0/specifications/jbuilder-1.5.3.gemspec
I, [2014-02-18T17:44:49.331360 #5358]  INFO -- : 0:  jquery-rails (3.0.4) from /home/kushal/.rvm/gems/ruby-2.1.0/specifications/jquery-rails-3.0.4.gemspec
I, [2014-02-18T17:44:51.193884 #5358]  INFO -- : 0:  json (1.8.1) from /home/kushal/.rvm/gems/ruby-2.1.0/specifications/json-1.8.1.gemspec
I, [2014-02-18T17:44:51.194712 #5358]  INFO -- : 0:  kgio (2.8.1) from /home/kushal/.rvm/gems/ruby-2.1.0/specifications/kgio-2.8.1.gemspec
I, [2014-02-18T17:44:51.195262 #5358]  INFO -- : 0:  pg (0.17.1) from /home/kushal/.rvm/gems/ruby-2.1.0/specifications/pg-0.17.1.gemspec
I, [2014-02-18T17:44:51.195783 #5358]  INFO -- : 0:  bundler (1.5.0) from /home/kushal/.rvm/gems/ruby-2.1.0@global/specifications/bundler-1.5.0.gemspec
I, [2014-02-18T17:44:51.196334 #5358]  INFO -- : 0:  tilt (1.4.1) from /home/kushal/.rvm/gems/ruby-2.1.0/specifications/tilt-1.4.1.gemspec
I, [2014-02-18T17:44:51.196867 #5358]  INFO -- : 0:  sprockets (2.10.1) from /home/kushal/.rvm/gems/ruby-2.1.0/specifications/sprockets-2.10.1.gemspec
I, [2014-02-18T17:44:51.197394 #5358]  INFO -- : 0:  sprockets-rails (2.0.1) from /home/kushal/.rvm/gems/ruby-2.1.0/specifications/sprockets-rails-2.0.1.gemspec
I, [2014-02-18T17:44:51.197948 #5358]  INFO -- : 0:  rails (4.0.2) from /home/kushal/.rvm/gems/ruby-2.1.0/specifications/rails-4.0.2.gemspec
I, [2014-02-18T17:44:52.341197 #5358]  INFO -- : 0:  push-core (1.0.4) from /home/kushal/.rvm/gems/ruby-2.1.0/specifications/push-core-1.0.4.gemspec
I, [2014-02-18T17:44:53.388389 #5358]  INFO -- : 0:  push-gcm (1.0.4) from /home/kushal/.rvm/gems/ruby-2.1.0/specifications/push-gcm-1.0.4.gemspec
I, [2014-02-18T17:44:54.743660 #5358]  INFO -- : 0:  rails_serve_static_assets (0.0.2) from /home/kushal/.rvm/gems/ruby-2.1.0/specifications/rails_serve_static_assets-0.0.2.gemspec
I, [2014-02-18T17:44:56.364886 #5358]  INFO -- : 0:  rails_stdout_logging (0.0.3) from /home/kushal/.rvm/gems/ruby-2.1.0/specifications/rails_stdout_logging-0.0.3.gemspec
I, [2014-02-18T17:44:57.654512 #5358]  INFO -- : 0:  rails_12factor (0.0.2) from /home/kushal/.rvm/gems/ruby-2.1.0/specifications/rails_12factor-0.0.2.gemspec
I, [2014-02-18T17:44:57.655509 #5358]  INFO -- : 0:  raindrops (0.12.0) from /home/kushal/.rvm/gems/ruby-2.1.0/specifications/raindrops-0.12.0.gemspec
I, [2014-02-18T17:44:57.656274 #5358]  INFO -- : 0:  rdoc (4.1.1) from /home/kushal/.rvm/gems/ruby-2.1.0/specifications/rdoc-4.1.1.gemspec
I, [2014-02-18T17:44:59.752102 #5358]  INFO -- : 0:  sass (3.2.13) from /home/kushal/.rvm/gems/ruby-2.1.0/specifications/sass-3.2.13.gemspec
I, [2014-02-18T17:44:59.752687 #5358]  INFO -- : 0:  sass-rails (4.0.1) from /home/kushal/.rvm/gems/ruby-2.1.0/specifications/sass-rails-4.0.1.gemspec
I, [2014-02-18T17:44:59.753545 #5358]  INFO -- : 0:  sdoc (0.4.0) from /home/kushal/.rvm/gems/ruby-2.1.0/specifications/sdoc-0.4.0.gemspec
I, [2014-02-18T17:45:01.239742 #5358]  INFO -- : 0:  turbolinks (2.2.0) from /home/kushal/.rvm/gems/ruby-2.1.0/specifications/turbolinks-2.2.0.gemspec
I, [2014-02-18T17:45:01.240395 #5358]  INFO -- : 0:  uglifier (2.4.0) from /home/kushal/.rvm/gems/ruby-2.1.0/specifications/uglifier-2.4.0.gemspec
I, [2014-02-18T17:45:12.055310 #5358]  INFO -- : 0:  unicorn (4.8.0) from /home/kushal/.rvm/gems/ruby-2.1.0/specifications/unicorn-4.8.0.gemspec
I, [2014-02-18T17:51:31.214515 #6002]  INFO -- : 0:  rake (10.1.1) from /home/kushal/.rvm/gems/ruby-2.1.0/specifications/rake-10.1.1.gemspec
I, [2014-02-18T17:51:31.215138 #6002]  INFO -- : 0:  i18n (0.6.9) from /home/kushal/.rvm/gems/ruby-2.1.0/specifications/i18n-0.6.9.gemspec
I, [2014-02-18T17:51:31.691498 #6002]  INFO -- : 0:  minitest (4.7.5) from /home/kushal/.rvm/gems/ruby-2.1.0/specifications/minitest-4.7.5.gemspec
I, [2014-02-18T17:51:31.692163 #6002]  INFO -- : 0:  multi_json (1.8.4) from /home/kushal/.rvm/gems/ruby-2.1.0/specifications/multi_json-1.8.4.gemspec
I, [2014-02-18T17:51:31.692628 #6002]  INFO -- : 0:  atomic (1.1.14) from /home/kushal/.rvm/gems/ruby-2.1.0/specifications/atomic-1.1.14.gemspec
I, [2014-02-18T17:51:31.693077 #6002]  INFO -- : 0:  thread_safe (0.1.3) from /home/kushal/.rvm/gems/ruby-2.1.0/specifications/thread_safe-0.1.3.gemspec
I, [2014-02-18T17:51:31.693510 #6002]  INFO -- : 0:  tzinfo (0.3.38) from /home/kushal/.rvm/gems/ruby-2.1.0/specifications/tzinfo-0.3.38.gemspec
I, [2014-02-18T17:51:31.693981 #6002]  INFO -- : 0:  activesupport (4.0.2) from /home/kushal/.rvm/gems/ruby-2.1.0/specifications/activesupport-4.0.2.gemspec
I, [2014-02-18T17:51:31.694435 #6002]  INFO -- : 0:  builder (3.1.4) from /home/kushal/.rvm/gems/ruby-2.1.0/specifications/builder-3.1.4.gemspec
I, [2014-02-18T17:51:31.694894 #6002]  INFO -- : 0:  erubis (2.7.0) from /home/kushal/.rvm/gems/ruby-2.1.0/specifications/erubis-2.7.0.gemspec
I, [2014-02-18T17:51:31.695332 #6002]  INFO -- : 0:  rack (1.5.2) from /home/kushal/.rvm/gems/ruby-2.1.0/specifications/rack-1.5.2.gemspec
I, [2014-02-18T17:51:31.695767 #6002]  INFO -- : 0:  rack-test (0.6.2) from /home/kushal/.rvm/gems/ruby-2.1.0/specifications/rack-test-0.6.2.gemspec
I, [2014-02-18T17:51:31.696160 #6002]  INFO -- : 0:  actionpack (4.0.2) from /home/kushal/.rvm/gems/ruby-2.1.0/specifications/actionpack-4.0.2.gemspec
I, [2014-02-18T17:51:31.696566 #6002]  INFO -- : 0:  mime-types (1.25.1) from /home/kushal/.rvm/gems/ruby-2.1.0/specifications/mime-types-1.25.1.gemspec
I, [2014-02-18T17:51:31.697030 #6002]  INFO -- : 0:  polyglot (0.3.3) from /home/kushal/.rvm/gems/ruby-2.1.0/specifications/polyglot-0.3.3.gemspec
I, [2014-02-18T17:51:31.697434 #6002]  INFO -- : 0:  treetop (1.4.15) from /home/kushal/.rvm/gems/ruby-2.1.0/specifications/treetop-1.4.15.gemspec
I, [2014-02-18T17:51:31.697897 #6002]  INFO -- : 0:  mail (2.5.4) from /home/kushal/.rvm/gems/ruby-2.1.0/specifications/mail-2.5.4.gemspec
I, [2014-02-18T17:51:31.698322 #6002]  INFO -- : 0:  actionmailer (4.0.2) from /home/kushal/.rvm/gems/ruby-2.1.0/specifications/actionmailer-4.0.2.gemspec
I, [2014-02-18T17:51:31.698752 #6002]  INFO -- : 0:  activemodel (4.0.2) from /home/kushal/.rvm/gems/ruby-2.1.0/specifications/activemodel-4.0.2.gemspec
I, [2014-02-18T17:51:31.699253 #6002]  INFO -- : 0:  activerecord-deprecated_finders (1.0.3) from /home/kushal/.rvm/gems/ruby-2.1.0/specifications/activerecord-deprecated_finders-1.0.3.gemspec
I, [2014-02-18T17:51:31.699703 #6002]  INFO -- : 0:  arel (4.0.1) from /home/kushal/.rvm/gems/ruby-2.1.0/specifications/arel-4.0.1.gemspec
I, [2014-02-18T17:51:31.700122 #6002]  INFO -- : 0:  activerecord (4.0.2) from /home/kushal/.rvm/gems/ruby-2.1.0/specifications/activerecord-4.0.2.gemspec
I, [2014-02-18T17:51:31.700544 #6002]  INFO -- : 0:  coffee-script-source (1.6.3) from /home/kushal/.rvm/gems/ruby-2.1.0/specifications/coffee-script-source-1.6.3.gemspec
I, [2014-02-18T17:51:31.700953 #6002]  INFO -- : 0:  execjs (2.0.2) from /home/kushal/.rvm/gems/ruby-2.1.0/specifications/execjs-2.0.2.gemspec
I, [2014-02-18T17:51:31.701373 #6002]  INFO -- : 0:  coffee-script (2.2.0) from /home/kushal/.rvm/gems/ruby-2.1.0/specifications/coffee-script-2.2.0.gemspec
I, [2014-02-18T17:51:31.701807 #6002]  INFO -- : 0:  thor (0.18.1) from /home/kushal/.rvm/gems/ruby-2.1.0/specifications/thor-0.18.1.gemspec
I, [2014-02-18T17:51:31.702214 #6002]  INFO -- : 0:  railties (4.0.2) from /home/kushal/.rvm/gems/ruby-2.1.0/specifications/railties-4.0.2.gemspec
I, [2014-02-18T17:51:31.702624 #6002]  INFO -- : 0:  coffee-rails (4.0.1) from /home/kushal/.rvm/gems/ruby-2.1.0/specifications/coffee-rails-4.0.1.gemspec
I, [2014-02-18T17:51:31.703072 #6002]  INFO -- : 0:  hike (1.2.3) from /home/kushal/.rvm/gems/ruby-2.1.0/specifications/hike-1.2.3.gemspec
I, [2014-02-18T17:51:31.703503 #6002]  INFO -- : 0:  jbuilder (1.5.3) from /home/kushal/.rvm/gems/ruby-2.1.0/specifications/jbuilder-1.5.3.gemspec
I, [2014-02-18T17:51:31.703923 #6002]  INFO -- : 0:  jquery-rails (3.0.4) from /home/kushal/.rvm/gems/ruby-2.1.0/specifications/jquery-rails-3.0.4.gemspec
I, [2014-02-18T17:51:33.589425 #6002]  INFO -- : 0:  json (1.8.1) from /home/kushal/.rvm/gems/ruby-2.1.0/specifications/json-1.8.1.gemspec
I, [2014-02-18T17:51:33.590309 #6002]  INFO -- : 0:  kgio (2.8.1) from /home/kushal/.rvm/gems/ruby-2.1.0/specifications/kgio-2.8.1.gemspec
I, [2014-02-18T17:51:33.590907 #6002]  INFO -- : 0:  pg (0.17.1) from /home/kushal/.rvm/gems/ruby-2.1.0/specifications/pg-0.17.1.gemspec
I, [2014-02-18T17:51:33.591445 #6002]  INFO -- : 0:  bundler (1.5.0) from /home/kushal/.rvm/gems/ruby-2.1.0@global/specifications/bundler-1.5.0.gemspec
I, [2014-02-18T17:51:33.592017 #6002]  INFO -- : 0:  tilt (1.4.1) from /home/kushal/.rvm/gems/ruby-2.1.0/specifications/tilt-1.4.1.gemspec
I, [2014-02-18T17:51:33.592587 #6002]  INFO -- : 0:  sprockets (2.10.1) from /home/kushal/.rvm/gems/ruby-2.1.0/specifications/sprockets-2.10.1.gemspec
I, [2014-02-18T17:51:33.593152 #6002]  INFO -- : 0:  sprockets-rails (2.0.1) from /home/kushal/.rvm/gems/ruby-2.1.0/specifications/sprockets-rails-2.0.1.gemspec
I, [2014-02-18T17:51:33.593716 #6002]  INFO -- : 0:  rails (4.0.2) from /home/kushal/.rvm/gems/ruby-2.1.0/specifications/rails-4.0.2.gemspec
I, [2014-02-18T17:51:33.594236 #6002]  INFO -- : 0:  push-core (1.0.4) from /home/kushal/.rvm/gems/ruby-2.1.0/specifications/push-core-1.0.4.gemspec
I, [2014-02-18T17:51:33.594673 #6002]  INFO -- : 0:  push-gcm (1.0.4) from /home/kushal/.rvm/gems/ruby-2.1.0/specifications/push-gcm-1.0.4.gemspec
I, [2014-02-18T17:51:33.595126 #6002]  INFO -- : 0:  rails_serve_static_assets (0.0.2) from /home/kushal/.rvm/gems/ruby-2.1.0/specifications/rails_serve_static_assets-0.0.2.gemspec
I, [2014-02-18T17:51:33.595581 #6002]  INFO -- : 0:  rails_stdout_logging (0.0.3) from /home/kushal/.rvm/gems/ruby-2.1.0/specifications/rails_stdout_logging-0.0.3.gemspec
I, [2014-02-18T17:51:33.596058 #6002]  INFO -- : 0:  rails_12factor (0.0.2) from /home/kushal/.rvm/gems/ruby-2.1.0/specifications/rails_12factor-0.0.2.gemspec
I, [2014-02-18T17:51:33.596553 #6002]  INFO -- : 0:  raindrops (0.12.0) from /home/kushal/.rvm/gems/ruby-2.1.0/specifications/raindrops-0.12.0.gemspec
I, [2014-02-18T17:51:33.597010 #6002]  INFO -- : 0:  rdoc (4.1.1) from /home/kushal/.rvm/gems/ruby-2.1.0/specifications/rdoc-4.1.1.gemspec
I, [2014-02-18T17:51:33.597548 #6002]  INFO -- : 0:  sass (3.2.13) from /home/kushal/.rvm/gems/ruby-2.1.0/specifications/sass-3.2.13.gemspec
I, [2014-02-18T17:51:33.598107 #6002]  INFO -- : 0:  sass-rails (4.0.1) from /home/kushal/.rvm/gems/ruby-2.1.0/specifications/sass-rails-4.0.1.gemspec
I, [2014-02-18T17:51:33.598734 #6002]  INFO -- : 0:  sdoc (0.4.0) from /home/kushal/.rvm/gems/ruby-2.1.0/specifications/sdoc-0.4.0.gemspec
I, [2014-02-18T17:51:33.599173 #6002]  INFO -- : 0:  turbolinks (2.2.0) from /home/kushal/.rvm/gems/ruby-2.1.0/specifications/turbolinks-2.2.0.gemspec
I, [2014-02-18T17:51:33.599721 #6002]  INFO -- : 0:  uglifier (2.4.0) from /home/kushal/.rvm/gems/ruby-2.1.0/specifications/uglifier-2.4.0.gemspec
I, [2014-02-18T17:51:33.600206 #6002]  INFO -- : 0:  unicorn (4.8.0) from /home/kushal/.rvm/gems/ruby-2.1.0/specifications/unicorn-4.8.0.gemspec
I, [2014-02-18T17:57:35.650216 #6464]  INFO -- : 0:  rake (10.1.1) from /home/kushal/.rvm/gems/ruby-2.1.0/specifications/rake-10.1.1.gemspec
I, [2014-02-18T17:57:35.650826 #6464]  INFO -- : 0:  i18n (0.6.9) from /home/kushal/.rvm/gems/ruby-2.1.0/specifications/i18n-0.6.9.gemspec
I, [2014-02-18T17:57:36.126186 #6464]  INFO -- : 0:  minitest (4.7.5) from /home/kushal/.rvm/gems/ruby-2.1.0/specifications/minitest-4.7.5.gemspec
I, [2014-02-18T17:57:36.126860 #6464]  INFO -- : 0:  multi_json (1.8.4) from /home/kushal/.rvm/gems/ruby-2.1.0/specifications/multi_json-1.8.4.gemspec
I, [2014-02-18T17:57:36.127370 #6464]  INFO -- : 0:  atomic (1.1.14) from /home/kushal/.rvm/gems/ruby-2.1.0/specifications/atomic-1.1.14.gemspec
I, [2014-02-18T17:57:36.127841 #6464]  INFO -- : 0:  thread_safe (0.1.3) from /home/kushal/.rvm/gems/ruby-2.1.0/specifications/thread_safe-0.1.3.gemspec
I, [2014-02-18T17:57:36.128300 #6464]  INFO -- : 0:  tzinfo (0.3.38) from /home/kushal/.rvm/gems/ruby-2.1.0/specifications/tzinfo-0.3.38.gemspec
I, [2014-02-18T17:57:36.128738 #6464]  INFO -- : 0:  activesupport (4.0.2) from /home/kushal/.rvm/gems/ruby-2.1.0/specifications/activesupport-4.0.2.gemspec
I, [2014-02-18T17:57:36.129179 #6464]  INFO -- : 0:  builder (3.1.4) from /home/kushal/.rvm/gems/ruby-2.1.0/specifications/builder-3.1.4.gemspec
I, [2014-02-18T17:57:36.129672 #6464]  INFO -- : 0:  erubis (2.7.0) from /home/kushal/.rvm/gems/ruby-2.1.0/specifications/erubis-2.7.0.gemspec
I, [2014-02-18T17:57:36.130149 #6464]  INFO -- : 0:  rack (1.5.2) from /home/kushal/.rvm/gems/ruby-2.1.0/specifications/rack-1.5.2.gemspec
I, [2014-02-18T17:57:36.130544 #6464]  INFO -- : 0:  rack-test (0.6.2) from /home/kushal/.rvm/gems/ruby-2.1.0/specifications/rack-test-0.6.2.gemspec
I, [2014-02-18T17:57:36.130953 #6464]  INFO -- : 0:  actionpack (4.0.2) from /home/kushal/.rvm/gems/ruby-2.1.0/specifications/actionpack-4.0.2.gemspec
I, [2014-02-18T17:57:36.131372 #6464]  INFO -- : 0:  mime-types (1.25.1) from /home/kushal/.rvm/gems/ruby-2.1.0/specifications/mime-types-1.25.1.gemspec
I, [2014-02-18T17:57:36.131829 #6464]  INFO -- : 0:  polyglot (0.3.3) from /home/kushal/.rvm/gems/ruby-2.1.0/specifications/polyglot-0.3.3.gemspec
I, [2014-02-18T17:57:36.132230 #6464]  INFO -- : 0:  treetop (1.4.15) from /home/kushal/.rvm/gems/ruby-2.1.0/specifications/treetop-1.4.15.gemspec
I, [2014-02-18T17:57:36.132646 #6464]  INFO -- : 0:  mail (2.5.4) from /home/kushal/.rvm/gems/ruby-2.1.0/specifications/mail-2.5.4.gemspec
I, [2014-02-18T17:57:36.133088 #6464]  INFO -- : 0:  actionmailer (4.0.2) from /home/kushal/.rvm/gems/ruby-2.1.0/specifications/actionmailer-4.0.2.gemspec
I, [2014-02-18T17:57:36.133499 #6464]  INFO -- : 0:  activemodel (4.0.2) from /home/kushal/.rvm/gems/ruby-2.1.0/specifications/activemodel-4.0.2.gemspec
I, [2014-02-18T17:57:36.133938 #6464]  INFO -- : 0:  activerecord-deprecated_finders (1.0.3) from /home/kushal/.rvm/gems/ruby-2.1.0/specifications/activerecord-deprecated_finders-1.0.3.gemspec
I, [2014-02-18T17:57:36.134383 #6464]  INFO -- : 0:  arel (4.0.1) from /home/kushal/.rvm/gems/ruby-2.1.0/specifications/arel-4.0.1.gemspec
I, [2014-02-18T17:57:36.134824 #6464]  INFO -- : 0:  activerecord (4.0.2) from /home/kushal/.rvm/gems/ruby-2.1.0/specifications/activerecord-4.0.2.gemspec
I, [2014-02-18T17:57:36.135237 #6464]  INFO -- : 0:  coffee-script-source (1.6.3) from /home/kushal/.rvm/gems/ruby-2.1.0/specifications/coffee-script-source-1.6.3.gemspec
I, [2014-02-18T17:57:36.135636 #6464]  INFO -- : 0:  execjs (2.0.2) from /home/kushal/.rvm/gems/ruby-2.1.0/specifications/execjs-2.0.2.gemspec
I, [2014-02-18T17:57:36.136039 #6464]  INFO -- : 0:  coffee-script (2.2.0) from /home/kushal/.rvm/gems/ruby-2.1.0/specifications/coffee-script-2.2.0.gemspec
I, [2014-02-18T17:57:36.136448 #6464]  INFO -- : 0:  thor (0.18.1) from /home/kushal/.rvm/gems/ruby-2.1.0/specifications/thor-0.18.1.gemspec
I, [2014-02-18T17:57:36.136844 #6464]  INFO -- : 0:  railties (4.0.2) from /home/kushal/.rvm/gems/ruby-2.1.0/specifications/railties-4.0.2.gemspec
I, [2014-02-18T17:57:36.137252 #6464]  INFO -- : 0:  coffee-rails (4.0.1) from /home/kushal/.rvm/gems/ruby-2.1.0/specifications/coffee-rails-4.0.1.gemspec
I, [2014-02-18T17:57:36.137696 #6464]  INFO -- : 0:  hike (1.2.3) from /home/kushal/.rvm/gems/ruby-2.1.0/specifications/hike-1.2.3.gemspec
I, [2014-02-18T17:57:36.138184 #6464]  INFO -- : 0:  jbuilder (1.5.3) from /home/kushal/.rvm/gems/ruby-2.1.0/specifications/jbuilder-1.5.3.gemspec
I, [2014-02-18T17:57:36.138589 #6464]  INFO -- : 0:  jquery-rails (3.0.4) from /home/kushal/.rvm/gems/ruby-2.1.0/specifications/jquery-rails-3.0.4.gemspec
I, [2014-02-18T17:57:38.013191 #6464]  INFO -- : 0:  json (1.8.1) from /home/kushal/.rvm/gems/ruby-2.1.0/specifications/json-1.8.1.gemspec
I, [2014-02-18T17:57:38.013945 #6464]  INFO -- : 0:  kgio (2.8.1) from /home/kushal/.rvm/gems/ruby-2.1.0/specifications/kgio-2.8.1.gemspec
I, [2014-02-18T17:57:38.014425 #6464]  INFO -- : 0:  pg (0.17.1) from /home/kushal/.rvm/gems/ruby-2.1.0/specifications/pg-0.17.1.gemspec
I, [2014-02-18T17:57:38.014866 #6464]  INFO -- : 0:  bundler (1.5.0) from /home/kushal/.rvm/gems/ruby-2.1.0@global/specifications/bundler-1.5.0.gemspec
I, [2014-02-18T17:57:38.015303 #6464]  INFO -- : 0:  tilt (1.4.1) from /home/kushal/.rvm/gems/ruby-2.1.0/specifications/tilt-1.4.1.gemspec
I, [2014-02-18T17:57:38.015751 #6464]  INFO -- : 0:  sprockets (2.10.1) from /home/kushal/.rvm/gems/ruby-2.1.0/specifications/sprockets-2.10.1.gemspec
I, [2014-02-18T17:57:38.016182 #6464]  INFO -- : 0:  sprockets-rails (2.0.1) from /home/kushal/.rvm/gems/ruby-2.1.0/specifications/sprockets-rails-2.0.1.gemspec
I, [2014-02-18T17:57:38.016678 #6464]  INFO -- : 0:  rails (4.0.2) from /home/kushal/.rvm/gems/ruby-2.1.0/specifications/rails-4.0.2.gemspec
I, [2014-02-18T17:57:38.017119 #6464]  INFO -- : 0:  push-core (1.0.4) from /home/kushal/.rvm/gems/ruby-2.1.0/specifications/push-core-1.0.4.gemspec
I, [2014-02-18T17:57:38.017656 #6464]  INFO -- : 0:  push-gcm (1.0.4) from /home/kushal/.rvm/gems/ruby-2.1.0/specifications/push-gcm-1.0.4.gemspec
I, [2014-02-18T17:57:38.018191 #6464]  INFO -- : 0:  rails_serve_static_assets (0.0.2) from /home/kushal/.rvm/gems/ruby-2.1.0/specifications/rails_serve_static_assets-0.0.2.gemspec
I, [2014-02-18T17:57:38.018829 #6464]  INFO -- : 0:  rails_stdout_logging (0.0.3) from /home/kushal/.rvm/gems/ruby-2.1.0/specifications/rails_stdout_logging-0.0.3.gemspec
I, [2014-02-18T17:57:38.019324 #6464]  INFO -- : 0:  rails_12factor (0.0.2) from /home/kushal/.rvm/gems/ruby-2.1.0/specifications/rails_12factor-0.0.2.gemspec
I, [2014-02-18T17:57:38.019864 #6464]  INFO -- : 0:  raindrops (0.12.0) from /home/kushal/.rvm/gems/ruby-2.1.0/specifications/raindrops-0.12.0.gemspec
I, [2014-02-18T17:57:38.020280 #6464]  INFO -- : 0:  rdoc (4.1.1) from /home/kushal/.rvm/gems/ruby-2.1.0/specifications/rdoc-4.1.1.gemspec
I, [2014-02-18T17:57:38.020978 #6464]  INFO -- : 0:  sass (3.2.13) from /home/kushal/.rvm/gems/ruby-2.1.0/specifications/sass-3.2.13.gemspec
I, [2014-02-18T17:57:38.021659 #6464]  INFO -- : 0:  sass-rails (4.0.1) from /home/kushal/.rvm/gems/ruby-2.1.0/specifications/sass-rails-4.0.1.gemspec
I, [2014-02-18T17:57:38.022255 #6464]  INFO -- : 0:  sdoc (0.4.0) from /home/kushal/.rvm/gems/ruby-2.1.0/specifications/sdoc-0.4.0.gemspec
I, [2014-02-18T17:57:38.022783 #6464]  INFO -- : 0:  turbolinks (2.2.0) from /home/kushal/.rvm/gems/ruby-2.1.0/specifications/turbolinks-2.2.0.gemspec
I, [2014-02-18T17:57:38.023304 #6464]  INFO -- : 0:  uglifier (2.4.0) from /home/kushal/.rvm/gems/ruby-2.1.0/specifications/uglifier-2.4.0.gemspec
I, [2014-02-18T17:57:38.023732 #6464]  INFO -- : 0:  unicorn (4.8.0) from /home/kushal/.rvm/gems/ruby-2.1.0/specifications/unicorn-4.8.0.gemspec
I, [2014-02-18T18:00:10.543324 #6574]  INFO -- : 0:  rake (10.1.1) from /home/kushal/.rvm/gems/ruby-2.1.0/specifications/rake-10.1.1.gemspec
I, [2014-02-18T18:00:10.543948 #6574]  INFO -- : 0:  i18n (0.6.9) from /home/kushal/.rvm/gems/ruby-2.1.0/specifications/i18n-0.6.9.gemspec
I, [2014-02-18T18:00:11.013817 #6574]  INFO -- : 0:  minitest (4.7.5) from /home/kushal/.rvm/gems/ruby-2.1.0/specifications/minitest-4.7.5.gemspec
I, [2014-02-18T18:00:11.014626 #6574]  INFO -- : 0:  multi_json (1.8.4) from /home/kushal/.rvm/gems/ruby-2.1.0/specifications/multi_json-1.8.4.gemspec
I, [2014-02-18T18:00:11.015163 #6574]  INFO -- : 0:  atomic (1.1.14) from /home/kushal/.rvm/gems/ruby-2.1.0/specifications/atomic-1.1.14.gemspec
I, [2014-02-18T18:00:11.015716 #6574]  INFO -- : 0:  thread_safe (0.1.3) from /home/kushal/.rvm/gems/ruby-2.1.0/specifications/thread_safe-0.1.3.gemspec
I, [2014-02-18T18:00:11.016241 #6574]  INFO -- : 0:  tzinfo (0.3.38) from /home/kushal/.rvm/gems/ruby-2.1.0/specifications/tzinfo-0.3.38.gemspec
I, [2014-02-18T18:00:11.016780 #6574]  INFO -- : 0:  activesupport (4.0.2) from /home/kushal/.rvm/gems/ruby-2.1.0/specifications/activesupport-4.0.2.gemspec
I, [2014-02-18T18:00:11.017345 #6574]  INFO -- : 0:  builder (3.1.4) from /home/kushal/.rvm/gems/ruby-2.1.0/specifications/builder-3.1.4.gemspec
I, [2014-02-18T18:00:11.017909 #6574]  INFO -- : 0:  erubis (2.7.0) from /home/kushal/.rvm/gems/ruby-2.1.0/specifications/erubis-2.7.0.gemspec
I, [2014-02-18T18:00:11.018433 #6574]  INFO -- : 0:  rack (1.5.2) from /home/kushal/.rvm/gems/ruby-2.1.0/specifications/rack-1.5.2.gemspec
I, [2014-02-18T18:00:11.018961 #6574]  INFO -- : 0:  rack-test (0.6.2) from /home/kushal/.rvm/gems/ruby-2.1.0/specifications/rack-test-0.6.2.gemspec
I, [2014-02-18T18:00:11.019500 #6574]  INFO -- : 0:  actionpack (4.0.2) from /home/kushal/.rvm/gems/ruby-2.1.0/specifications/actionpack-4.0.2.gemspec
I, [2014-02-18T18:00:11.020042 #6574]  INFO -- : 0:  mime-types (1.25.1) from /home/kushal/.rvm/gems/ruby-2.1.0/specifications/mime-types-1.25.1.gemspec
I, [2014-02-18T18:00:11.020617 #6574]  INFO -- : 0:  polyglot (0.3.3) from /home/kushal/.rvm/gems/ruby-2.1.0/specifications/polyglot-0.3.3.gemspec
I, [2014-02-18T18:00:11.021139 #6574]  INFO -- : 0:  treetop (1.4.15) from /home/kushal/.rvm/gems/ruby-2.1.0/specifications/treetop-1.4.15.gemspec
I, [2014-02-18T18:00:11.021680 #6574]  INFO -- : 0:  mail (2.5.4) from /home/kushal/.rvm/gems/ruby-2.1.0/specifications/mail-2.5.4.gemspec
I, [2014-02-18T18:00:11.022199 #6574]  INFO -- : 0:  actionmailer (4.0.2) from /home/kushal/.rvm/gems/ruby-2.1.0/specifications/actionmailer-4.0.2.gemspec
I, [2014-02-18T18:00:11.022608 #6574]  INFO -- : 0:  activemodel (4.0.2) from /home/kushal/.rvm/gems/ruby-2.1.0/specifications/activemodel-4.0.2.gemspec
I, [2014-02-18T18:00:11.023044 #6574]  INFO -- : 0:  activerecord-deprecated_finders (1.0.3) from /home/kushal/.rvm/gems/ruby-2.1.0/specifications/activerecord-deprecated_finders-1.0.3.gemspec
I, [2014-02-18T18:00:11.023512 #6574]  INFO -- : 0:  arel (4.0.1) from /home/kushal/.rvm/gems/ruby-2.1.0/specifications/arel-4.0.1.gemspec
I, [2014-02-18T18:00:11.023958 #6574]  INFO -- : 0:  activerecord (4.0.2) from /home/kushal/.rvm/gems/ruby-2.1.0/specifications/activerecord-4.0.2.gemspec
I, [2014-02-18T18:00:11.024393 #6574]  INFO -- : 0:  bundler (1.5.0) from /home/kushal/.rvm/gems/ruby-2.1.0@global/specifications/bundler-1.5.0.gemspec
I, [2014-02-18T18:00:11.024859 #6574]  INFO -- : 0:  coffee-script-source (1.6.3) from /home/kushal/.rvm/gems/ruby-2.1.0/specifications/coffee-script-source-1.6.3.gemspec
I, [2014-02-18T18:00:11.025287 #6574]  INFO -- : 0:  execjs (2.0.2) from /home/kushal/.rvm/gems/ruby-2.1.0/specifications/execjs-2.0.2.gemspec
I, [2014-02-18T18:00:11.025681 #6574]  INFO -- : 0:  coffee-script (2.2.0) from /home/kushal/.rvm/gems/ruby-2.1.0/specifications/coffee-script-2.2.0.gemspec
I, [2014-02-18T18:00:11.026106 #6574]  INFO -- : 0:  thor (0.18.1) from /home/kushal/.rvm/gems/ruby-2.1.0/specifications/thor-0.18.1.gemspec
I, [2014-02-18T18:00:11.026536 #6574]  INFO -- : 0:  railties (4.0.2) from /home/kushal/.rvm/gems/ruby-2.1.0/specifications/railties-4.0.2.gemspec
I, [2014-02-18T18:00:11.026952 #6574]  INFO -- : 0:  coffee-rails (4.0.1) from /home/kushal/.rvm/gems/ruby-2.1.0/specifications/coffee-rails-4.0.1.gemspec
I, [2014-02-18T18:00:11.027357 #6574]  INFO -- : 0:  hike (1.2.3) from /home/kushal/.rvm/gems/ruby-2.1.0/specifications/hike-1.2.3.gemspec
I, [2014-02-18T18:00:11.027772 #6574]  INFO -- : 0:  jbuilder (1.5.3) from /home/kushal/.rvm/gems/ruby-2.1.0/specifications/jbuilder-1.5.3.gemspec
I, [2014-02-18T18:00:11.028204 #6574]  INFO -- : 0:  jquery-rails (3.0.4) from /home/kushal/.rvm/gems/ruby-2.1.0/specifications/jquery-rails-3.0.4.gemspec
I, [2014-02-18T18:00:12.910441 #6574]  INFO -- : 0:  json (1.8.1) from /home/kushal/.rvm/gems/ruby-2.1.0/specifications/json-1.8.1.gemspec
I, [2014-02-18T18:00:12.911258 #6574]  INFO -- : 0:  kgio (2.8.1) from /home/kushal/.rvm/gems/ruby-2.1.0/specifications/kgio-2.8.1.gemspec
I, [2014-02-18T18:00:12.911836 #6574]  INFO -- : 0:  libv8 (3.16.14.3) from /home/kushal/.rvm/gems/ruby-2.1.0/specifications/libv8-3.16.14.3-x86_64-linux.gemspec
I, [2014-02-18T18:00:12.912391 #6574]  INFO -- : 0:  pg (0.17.1) from /home/kushal/.rvm/gems/ruby-2.1.0/specifications/pg-0.17.1.gemspec
I, [2014-02-18T18:00:12.912936 #6574]  INFO -- : 0:  tilt (1.4.1) from /home/kushal/.rvm/gems/ruby-2.1.0/specifications/tilt-1.4.1.gemspec
I, [2014-02-18T18:00:12.913476 #6574]  INFO -- : 0:  sprockets (2.10.1) from /home/kushal/.rvm/gems/ruby-2.1.0/specifications/sprockets-2.10.1.gemspec
I, [2014-02-18T18:00:12.914041 #6574]  INFO -- : 0:  sprockets-rails (2.0.1) from /home/kushal/.rvm/gems/ruby-2.1.0/specifications/sprockets-rails-2.0.1.gemspec
I, [2014-02-18T18:00:12.914577 #6574]  INFO -- : 0:  rails (4.0.2) from /home/kushal/.rvm/gems/ruby-2.1.0/specifications/rails-4.0.2.gemspec
I, [2014-02-18T18:00:12.915081 #6574]  INFO -- : 0:  push-core (1.0.4) from /home/kushal/.rvm/gems/ruby-2.1.0/specifications/push-core-1.0.4.gemspec
I, [2014-02-18T18:00:12.915620 #6574]  INFO -- : 0:  push-gcm (1.0.4) from /home/kushal/.rvm/gems/ruby-2.1.0/specifications/push-gcm-1.0.4.gemspec
I, [2014-02-18T18:00:12.916155 #6574]  INFO -- : 0:  rails_serve_static_assets (0.0.2) from /home/kushal/.rvm/gems/ruby-2.1.0/specifications/rails_serve_static_assets-0.0.2.gemspec
I, [2014-02-18T18:00:12.916688 #6574]  INFO -- : 0:  rails_stdout_logging (0.0.3) from /home/kushal/.rvm/gems/ruby-2.1.0/specifications/rails_stdout_logging-0.0.3.gemspec
I, [2014-02-18T18:00:12.917222 #6574]  INFO -- : 0:  rails_12factor (0.0.2) from /home/kushal/.rvm/gems/ruby-2.1.0/specifications/rails_12factor-0.0.2.gemspec
I, [2014-02-18T18:00:12.917720 #6574]  INFO -- : 0:  raindrops (0.12.0) from /home/kushal/.rvm/gems/ruby-2.1.0/specifications/raindrops-0.12.0.gemspec
I, [2014-02-18T18:00:12.918214 #6574]  INFO -- : 0:  rdoc (4.1.1) from /home/kushal/.rvm/gems/ruby-2.1.0/specifications/rdoc-4.1.1.gemspec
I, [2014-02-18T18:00:12.918640 #6574]  INFO -- : 0:  ref (1.0.5) from /home/kushal/.rvm/gems/ruby-2.1.0/specifications/ref-1.0.5.gemspec
I, [2014-02-18T18:00:12.919063 #6574]  INFO -- : 0:  sass (3.2.13) from /home/kushal/.rvm/gems/ruby-2.1.0/specifications/sass-3.2.13.gemspec
I, [2014-02-18T18:00:12.919497 #6574]  INFO -- : 0:  sass-rails (4.0.1) from /home/kushal/.rvm/gems/ruby-2.1.0/specifications/sass-rails-4.0.1.gemspec
I, [2014-02-18T18:00:12.919922 #6574]  INFO -- : 0:  sdoc (0.4.0) from /home/kushal/.rvm/gems/ruby-2.1.0/specifications/sdoc-0.4.0.gemspec
I, [2014-02-18T18:00:12.920325 #6574]  INFO -- : 0:  therubyracer (0.12.1) from /home/kushal/.rvm/gems/ruby-2.1.0/specifications/therubyracer-0.12.1.gemspec
I, [2014-02-18T18:00:12.920750 #6574]  INFO -- : 0:  turbolinks (2.2.0) from /home/kushal/.rvm/gems/ruby-2.1.0/specifications/turbolinks-2.2.0.gemspec
I, [2014-02-18T18:00:12.921183 #6574]  INFO -- : 0:  uglifier (2.4.0) from /home/kushal/.rvm/gems/ruby-2.1.0/specifications/uglifier-2.4.0.gemspec
I, [2014-02-18T18:00:12.921601 #6574]  INFO -- : 0:  unicorn (4.8.0) from /home/kushal/.rvm/gems/ruby-2.1.0/specifications/unicorn-4.8.0.gemspec
I, [2014-05-28T04:28:11.882641 #7586]  INFO -- : 0:  rake (10.1.1) from /home/kushal/.rvm/gems/ruby-2.1.0/specifications/rake-10.1.1.gemspec
I, [2014-05-28T04:28:12.227274 #7586]  INFO -- : 0:  i18n (0.6.9) from /home/kushal/.rvm/gems/ruby-2.1.0/specifications/i18n-0.6.9.gemspec
I, [2014-05-28T04:28:12.418589 #7586]  INFO -- : 0:  minitest (4.7.5) from /home/kushal/.rvm/gems/ruby-2.1.0/specifications/minitest-4.7.5.gemspec
I, [2014-05-28T04:28:12.419228 #7586]  INFO -- : 0:  multi_json (1.8.4) from /home/kushal/.rvm/gems/ruby-2.1.0/specifications/multi_json-1.8.4.gemspec
I, [2014-05-28T04:28:12.419660 #7586]  INFO -- : 0:  atomic (1.1.14) from /home/kushal/.rvm/gems/ruby-2.1.0/specifications/atomic-1.1.14.gemspec
I, [2014-05-28T04:28:12.420121 #7586]  INFO -- : 0:  thread_safe (0.1.3) from /home/kushal/.rvm/gems/ruby-2.1.0/specifications/thread_safe-0.1.3.gemspec
I, [2014-05-28T04:28:12.420579 #7586]  INFO -- : 0:  tzinfo (0.3.38) from /home/kushal/.rvm/gems/ruby-2.1.0/specifications/tzinfo-0.3.38.gemspec
I, [2014-05-28T04:28:12.421057 #7586]  INFO -- : 0:  activesupport (4.0.2) from /home/kushal/.rvm/gems/ruby-2.1.0/specifications/activesupport-4.0.2.gemspec
I, [2014-05-28T04:28:12.421524 #7586]  INFO -- : 0:  builder (3.1.4) from /home/kushal/.rvm/gems/ruby-2.1.0/specifications/builder-3.1.4.gemspec
I, [2014-05-28T04:28:12.421975 #7586]  INFO -- : 0:  erubis (2.7.0) from /home/kushal/.rvm/gems/ruby-2.1.0/specifications/erubis-2.7.0.gemspec
I, [2014-05-28T04:28:12.422388 #7586]  INFO -- : 0:  rack (1.5.2) from /home/kushal/.rvm/gems/ruby-2.1.0/specifications/rack-1.5.2.gemspec
I, [2014-05-28T04:28:12.422817 #7586]  INFO -- : 0:  rack-test (0.6.2) from /home/kushal/.rvm/gems/ruby-2.1.0/specifications/rack-test-0.6.2.gemspec
I, [2014-05-28T04:28:12.423239 #7586]  INFO -- : 0:  actionpack (4.0.2) from /home/kushal/.rvm/gems/ruby-2.1.0/specifications/actionpack-4.0.2.gemspec
I, [2014-05-28T04:28:12.423654 #7586]  INFO -- : 0:  mime-types (1.25.1) from /home/kushal/.rvm/gems/ruby-2.1.0/specifications/mime-types-1.25.1.gemspec
I, [2014-05-28T04:28:12.424073 #7586]  INFO -- : 0:  polyglot (0.3.3) from /home/kushal/.rvm/gems/ruby-2.1.0/specifications/polyglot-0.3.3.gemspec
I, [2014-05-28T04:28:12.424485 #7586]  INFO -- : 0:  treetop (1.4.15) from /home/kushal/.rvm/gems/ruby-2.1.0/specifications/treetop-1.4.15.gemspec
I, [2014-05-28T04:28:12.424909 #7586]  INFO -- : 0:  mail (2.5.4) from /home/kushal/.rvm/gems/ruby-2.1.0/specifications/mail-2.5.4.gemspec
I, [2014-05-28T04:28:12.425350 #7586]  INFO -- : 0:  actionmailer (4.0.2) from /home/kushal/.rvm/gems/ruby-2.1.0/specifications/actionmailer-4.0.2.gemspec
I, [2014-05-28T04:28:12.425742 #7586]  INFO -- : 0:  activemodel (4.0.2) from /home/kushal/.rvm/gems/ruby-2.1.0/specifications/activemodel-4.0.2.gemspec
I, [2014-05-28T04:28:12.426140 #7586]  INFO -- : 0:  activerecord-deprecated_finders (1.0.3) from /home/kushal/.rvm/gems/ruby-2.1.0/specifications/activerecord-deprecated_finders-1.0.3.gemspec
I, [2014-05-28T04:28:12.426549 #7586]  INFO -- : 0:  arel (4.0.1) from /home/kushal/.rvm/gems/ruby-2.1.0/specifications/arel-4.0.1.gemspec
I, [2014-05-28T04:28:12.426997 #7586]  INFO -- : 0:  activerecord (4.0.2) from /home/kushal/.rvm/gems/ruby-2.1.0/specifications/activerecord-4.0.2.gemspec
I, [2014-05-28T04:28:12.427387 #7586]  INFO -- : 0:  bcrypt (3.1.6) from /home/kushal/.rvm/gems/ruby-2.1.0/specifications/bcrypt-3.1.6.gemspec
I, [2014-05-28T04:28:12.427801 #7586]  INFO -- : 0:  bcrypt-ruby (3.1.5) from /home/kushal/.rvm/gems/ruby-2.1.0/specifications/bcrypt-ruby-3.1.5.gemspec
I, [2014-05-28T04:28:12.428186 #7586]  INFO -- : 0:  bundler (1.5.0) from /home/kushal/.rvm/gems/ruby-2.1.0@global/specifications/bundler-1.5.0.gemspec
I, [2014-05-28T04:28:13.544016 #7586]  INFO -- : 0:  chronic (0.10.2) from /home/kushal/.rvm/gems/ruby-2.1.0/specifications/chronic-0.10.2.gemspec
I, [2014-05-28T04:28:13.544735 #7586]  INFO -- : 0:  coffee-script-source (1.6.3) from /home/kushal/.rvm/gems/ruby-2.1.0/specifications/coffee-script-source-1.6.3.gemspec
I, [2014-05-28T04:28:13.545308 #7586]  INFO -- : 0:  execjs (2.0.2) from /home/kushal/.rvm/gems/ruby-2.1.0/specifications/execjs-2.0.2.gemspec
I, [2014-05-28T04:28:13.545841 #7586]  INFO -- : 0:  coffee-script (2.2.0) from /home/kushal/.rvm/gems/ruby-2.1.0/specifications/coffee-script-2.2.0.gemspec
I, [2014-05-28T04:28:13.546382 #7586]  INFO -- : 0:  thor (0.18.1) from /home/kushal/.rvm/gems/ruby-2.1.0/specifications/thor-0.18.1.gemspec
I, [2014-05-28T04:28:13.546880 #7586]  INFO -- : 0:  railties (4.0.2) from /home/kushal/.rvm/gems/ruby-2.1.0/specifications/railties-4.0.2.gemspec
I, [2014-05-28T04:28:13.547396 #7586]  INFO -- : 0:  coffee-rails (4.0.1) from /home/kushal/.rvm/gems/ruby-2.1.0/specifications/coffee-rails-4.0.1.gemspec
I, [2014-05-28T04:28:13.547923 #7586]  INFO -- : 0:  orm_adapter (0.5.0) from /home/kushal/.rvm/gems/ruby-2.1.0/specifications/orm_adapter-0.5.0.gemspec
I, [2014-05-28T04:28:13.548435 #7586]  INFO -- : 0:  warden (1.2.3) from /home/kushal/.rvm/gems/ruby-2.1.0/specifications/warden-1.2.3.gemspec
I, [2014-05-28T04:28:13.548967 #7586]  INFO -- : 0:  devise (3.2.3) from /home/kushal/.rvm/gems/ruby-2.1.0/specifications/devise-3.2.3.gemspec
I, [2014-05-28T04:28:13.549449 #7586]  INFO -- : 0:  hike (1.2.3) from /home/kushal/.rvm/gems/ruby-2.1.0/specifications/hike-1.2.3.gemspec
I, [2014-05-28T04:28:13.549979 #7586]  INFO -- : 0:  jbuilder (1.5.3) from /home/kushal/.rvm/gems/ruby-2.1.0/specifications/jbuilder-1.5.3.gemspec
I, [2014-05-28T04:28:13.550494 #7586]  INFO -- : 0:  jquery-rails (3.0.4) from /home/kushal/.rvm/gems/ruby-2.1.0/specifications/jquery-rails-3.0.4.gemspec
I, [2014-05-28T04:28:15.497221 #7586]  INFO -- : 0:  json (1.8.1) from /home/kushal/.rvm/gems/ruby-2.1.0/specifications/json-1.8.1.gemspec
I, [2014-05-28T04:28:15.497918 #7586]  INFO -- : 0:  kgio (2.8.1) from /home/kushal/.rvm/gems/ruby-2.1.0/specifications/kgio-2.8.1.gemspec
I, [2014-05-28T04:28:15.498386 #7586]  INFO -- : 0:  libv8 (3.16.14.3) from /home/kushal/.rvm/gems/ruby-2.1.0/specifications/libv8-3.16.14.3-x86_64-linux.gemspec
I, [2014-05-28T04:28:15.498811 #7586]  INFO -- : 0:  pg (0.17.1) from /home/kushal/.rvm/gems/ruby-2.1.0/specifications/pg-0.17.1.gemspec
I, [2014-05-28T04:28:15.499206 #7586]  INFO -- : 0:  tilt (1.4.1) from /home/kushal/.rvm/gems/ruby-2.1.0/specifications/tilt-1.4.1.gemspec
I, [2014-05-28T04:28:15.499636 #7586]  INFO -- : 0:  sprockets (2.10.1) from /home/kushal/.rvm/gems/ruby-2.1.0/specifications/sprockets-2.10.1.gemspec
I, [2014-05-28T04:28:15.500044 #7586]  INFO -- : 0:  sprockets-rails (2.0.1) from /home/kushal/.rvm/gems/ruby-2.1.0/specifications/sprockets-rails-2.0.1.gemspec
I, [2014-05-28T04:28:15.500469 #7586]  INFO -- : 0:  rails (4.0.2) from /home/kushal/.rvm/gems/ruby-2.1.0/specifications/rails-4.0.2.gemspec
I, [2014-05-28T04:28:15.500916 #7586]  INFO -- : 0:  push-core (1.0.4) from /home/kushal/.rvm/gems/ruby-2.1.0/specifications/push-core-1.0.4.gemspec
I, [2014-05-28T04:28:15.501327 #7586]  INFO -- : 0:  push-gcm (1.0.4) from /home/kushal/.rvm/gems/ruby-2.1.0/specifications/push-gcm-1.0.4.gemspec
I, [2014-05-28T04:28:15.501750 #7586]  INFO -- : 0:  rails_serve_static_assets (0.0.2) from /home/kushal/.rvm/gems/ruby-2.1.0/specifications/rails_serve_static_assets-0.0.2.gemspec
I, [2014-05-28T04:28:15.502158 #7586]  INFO -- : 0:  rails_stdout_logging (0.0.3) from /home/kushal/.rvm/gems/ruby-2.1.0/specifications/rails_stdout_logging-0.0.3.gemspec
I, [2014-05-28T04:28:15.502565 #7586]  INFO -- : 0:  rails_12factor (0.0.2) from /home/kushal/.rvm/gems/ruby-2.1.0/specifications/rails_12factor-0.0.2.gemspec
I, [2014-05-28T04:28:15.502960 #7586]  INFO -- : 0:  raindrops (0.12.0) from /home/kushal/.rvm/gems/ruby-2.1.0/specifications/raindrops-0.12.0.gemspec
I, [2014-05-28T04:28:15.503371 #7586]  INFO -- : 0:  rdoc (4.1.1) from /home/kushal/.rvm/gems/ruby-2.1.0/specifications/rdoc-4.1.1.gemspec
I, [2014-05-28T04:28:15.503748 #7586]  INFO -- : 0:  ref (1.0.5) from /home/kushal/.rvm/gems/ruby-2.1.0/specifications/ref-1.0.5.gemspec
I, [2014-05-28T04:28:15.504152 #7586]  INFO -- : 0:  sass (3.2.13) from /home/kushal/.rvm/gems/ruby-2.1.0/specifications/sass-3.2.13.gemspec
I, [2014-05-28T04:28:15.504554 #7586]  INFO -- : 0:  sass-rails (4.0.1) from /home/kushal/.rvm/gems/ruby-2.1.0/specifications/sass-rails-4.0.1.gemspec
I, [2014-05-28T04:28:15.504976 #7586]  INFO -- : 0:  sdoc (0.4.0) from /home/kushal/.rvm/gems/ruby-2.1.0/specifications/sdoc-0.4.0.gemspec
I, [2014-05-28T04:28:15.505381 #7586]  INFO -- : 0:  therubyracer (0.12.1) from /home/kushal/.rvm/gems/ruby-2.1.0/specifications/therubyracer-0.12.1.gemspec
I, [2014-05-28T04:28:15.505788 #7586]  INFO -- : 0:  turbolinks (2.2.0) from /home/kushal/.rvm/gems/ruby-2.1.0/specifications/turbolinks-2.2.0.gemspec
I, [2014-05-28T04:28:15.506170 #7586]  INFO -- : 0:  uglifier (2.4.0) from /home/kushal/.rvm/gems/ruby-2.1.0/specifications/uglifier-2.4.0.gemspec
I, [2014-05-28T04:28:15.506566 #7586]  INFO -- : 0:  unicorn (4.8.0) from /home/kushal/.rvm/gems/ruby-2.1.0/specifications/unicorn-4.8.0.gemspec
I, [2014-05-28T04:28:16.578175 #7586]  INFO -- : 0:  whenever (0.9.2) from /home/kushal/.rvm/gems/ruby-2.1.0/specifications/whenever-0.9.2.gemspec
